<?xml version="1.0" encoding="UTF-8"?>
<testng-results skipped="0" failed="0" ignored="0" total="1" passed="1">
  <reporter-output>
  </reporter-output>
  <suite name="Default suite" duration-ms="19804" started-at="2022-05-13T20:18:53 WAT" finished-at="2022-05-13T20:19:13 WAT">
    <groups>
    </groups>
    <test name="Default test" duration-ms="19804" started-at="2022-05-13T20:18:53 WAT" finished-at="2022-05-13T20:19:13 WAT">
      <class name="FBkPOModel.FBkRunner">
        <test-method status="PASS" signature="startTest()[pri:0, instance:FBkPOModel.FBkRunner@26aa12dd]" name="startTest" duration-ms="19769" started-at="2022-05-13T20:18:53 WAT" finished-at="2022-05-13T20:19:13 WAT">
          <reporter-output>
          </reporter-output>
        </test-method> <!-- startTest -->
      </class> <!-- FBkPOModel.FBkRunner -->
    </test> <!-- Default test -->
  </suite> <!-- Default suite -->
</testng-results>
